2021-01-04 00:55:40,072 INFO: Sensual Massage-INFO [in /home/kanjuru/Documents/Python/Flask/PacksonNjauMwangi/PacksonNjauMwangi/app/__init__.py:60]
2021-01-04 00:59:07,915 INFO: Sensual Massage-INFO [in /home/kanjuru/Documents/Python/Flask/PacksonNjauMwangi/PacksonNjauMwangi/app/__init__.py:60]
2021-01-04 05:28:07,744 INFO: Sensual Massage-INFO [in /home/kanjuru/Documents/Python/Flask/PacksonNjauMwangi/PacksonNjauMwangi/app/__init__.py:60]
2021-01-04 05:38:25,363 ERROR: Exception on /admin [GET] [in /home/kanjuru/.local/share/virtualenvs/PacksonNjauMwangi-ZWNFyea6/lib/python3.8/site-packages/flask/app.py:1891]
Traceback (most recent call last):
  File "/home/kanjuru/.local/share/virtualenvs/PacksonNjauMwangi-ZWNFyea6/lib/python3.8/site-packages/flask/app.py", line 2447, in wsgi_app
    response = self.full_dispatch_request()
  File "/home/kanjuru/.local/share/virtualenvs/PacksonNjauMwangi-ZWNFyea6/lib/python3.8/site-packages/flask/app.py", line 1952, in full_dispatch_request
    rv = self.handle_user_exception(e)
  File "/home/kanjuru/.local/share/virtualenvs/PacksonNjauMwangi-ZWNFyea6/lib/python3.8/site-packages/flask/app.py", line 1821, in handle_user_exception
    reraise(exc_type, exc_value, tb)
  File "/home/kanjuru/.local/share/virtualenvs/PacksonNjauMwangi-ZWNFyea6/lib/python3.8/site-packages/flask/_compat.py", line 39, in reraise
    raise value
  File "/home/kanjuru/.local/share/virtualenvs/PacksonNjauMwangi-ZWNFyea6/lib/python3.8/site-packages/flask/app.py", line 1950, in full_dispatch_request
    rv = self.dispatch_request()
  File "/home/kanjuru/.local/share/virtualenvs/PacksonNjauMwangi-ZWNFyea6/lib/python3.8/site-packages/flask/app.py", line 1936, in dispatch_request
    return self.view_functions[rule.endpoint](**req.view_args)
  File "/home/kanjuru/.local/share/virtualenvs/PacksonNjauMwangi-ZWNFyea6/lib/python3.8/site-packages/flask_login/utils.py", line 272, in decorated_view
    return func(*args, **kwargs)
  File "/home/kanjuru/Documents/Python/Flask/PacksonNjauMwangi/PacksonNjauMwangi/app/routes.py", line 87, in admin
    if user.email != app.config['ADMINISTRATOR_MAIL']:
KeyError: 'ADMINISTRATOR_MAIL'
2021-01-04 05:45:18,051 INFO: Sensual Massage-INFO [in /home/kanjuru/Documents/Python/Flask/PacksonNjauMwangi/PacksonNjauMwangi/app/__init__.py:60]
2021-01-04 05:47:15,480 INFO: Sensual Massage-INFO [in /home/kanjuru/Documents/Python/Flask/PacksonNjauMwangi/PacksonNjauMwangi/app/__init__.py:60]
2021-01-04 13:11:46,223 INFO: Sensual Massage-INFO [in /home/kanjuru/Documents/Python/Flask/PacksonNjauMwangi/PacksonNjauMwangi/app/__init__.py:60]
2021-01-05 00:02:55,767 INFO: Sensual Massage-INFO [in /home/kanjuru/Documents/Python/Flask/PacksonNjauMwangi/PacksonNjauMwangi/app/__init__.py:60]
2021-01-06 00:04:20,839 INFO: Sensual Massage-INFO [in /home/kanjuru/Documents/Python/Flask/PacksonNjauMwangi/PacksonNjauMwangi/app/__init__.py:60]
2021-01-06 00:28:53,426 INFO: Sensual Massage-INFO [in /home/kanjuru/Documents/Python/Flask/PacksonNjauMwangi/PacksonNjauMwangi/app/__init__.py:60]
2021-01-06 00:33:51,498 INFO: Sensual Massage-INFO [in /home/kanjuru/Documents/Python/Flask/PacksonNjauMwangi/PacksonNjauMwangi/app/__init__.py:60]
2021-01-06 00:41:50,587 INFO: Sensual Massage-INFO [in /home/kanjuru/Documents/Python/Flask/PacksonNjauMwangi/PacksonNjauMwangi/app/__init__.py:60]
2021-01-06 09:33:03,620 INFO: Sensual Massage-INFO [in /home/kanjuru/Documents/Python/Flask/PacksonNjauMwangi/PacksonNjauMwangi/app/__init__.py:60]
2021-01-06 09:40:52,939 INFO: Sensual Massage-INFO [in /home/kanjuru/Documents/Python/Flask/PacksonNjauMwangi/PacksonNjauMwangi/app/__init__.py:60]
2021-01-06 09:42:15,370 INFO: Sensual Massage-INFO [in /home/kanjuru/Documents/Python/Flask/PacksonNjauMwangi/PacksonNjauMwangi/app/__init__.py:60]
2021-01-06 09:43:16,458 INFO: Sensual Massage-INFO [in /home/kanjuru/Documents/Python/Flask/PacksonNjauMwangi/PacksonNjauMwangi/app/__init__.py:60]
2021-01-06 09:49:12,905 INFO: Sensual Massage-INFO [in /home/kanjuru/Documents/Python/Flask/PacksonNjauMwangi/PacksonNjauMwangi/app/__init__.py:60]
2021-01-06 09:50:29,159 INFO: Sensual Massage-INFO [in /home/kanjuru/Documents/Python/Flask/PacksonNjauMwangi/PacksonNjauMwangi/app/__init__.py:60]
2021-01-06 09:56:42,136 INFO: Sensual Massage-INFO [in /home/kanjuru/Documents/Python/Flask/PacksonNjauMwangi/PacksonNjauMwangi/app/__init__.py:60]
2021-01-06 10:05:54,400 INFO: Sensual Massage-INFO [in /home/kanjuru/Documents/Python/Flask/PacksonNjauMwangi/PacksonNjauMwangi/app/__init__.py:60]
2021-01-06 10:08:45,445 INFO: Sensual Massage-INFO [in /home/kanjuru/Documents/Python/Flask/PacksonNjauMwangi/PacksonNjauMwangi/app/__init__.py:60]
2021-01-06 10:10:45,349 INFO: Sensual Massage-INFO [in /home/kanjuru/Documents/Python/Flask/PacksonNjauMwangi/PacksonNjauMwangi/app/__init__.py:60]
2021-01-06 10:14:58,875 INFO: Sensual Massage-INFO [in /home/kanjuru/Documents/Python/Flask/PacksonNjauMwangi/PacksonNjauMwangi/app/__init__.py:60]
2021-01-06 10:17:52,057 INFO: Sensual Massage-INFO [in /home/kanjuru/Documents/Python/Flask/PacksonNjauMwangi/PacksonNjauMwangi/app/__init__.py:60]
2021-01-06 10:25:02,280 INFO: Sensual Massage-INFO [in /home/kanjuru/Documents/Python/Flask/PacksonNjauMwangi/PacksonNjauMwangi/app/__init__.py:60]
2021-01-06 10:30:55,829 INFO: Sensual Massage-INFO [in /home/kanjuru/Documents/Python/Flask/PacksonNjauMwangi/PacksonNjauMwangi/app/__init__.py:60]
2021-01-06 10:32:04,024 INFO: Sensual Massage-INFO [in /home/kanjuru/Documents/Python/Flask/PacksonNjauMwangi/PacksonNjauMwangi/app/__init__.py:60]
2021-01-06 10:41:06,586 INFO: Sensual Massage-INFO [in /home/kanjuru/Documents/Python/Flask/PacksonNjauMwangi/PacksonNjauMwangi/app/__init__.py:60]
